Base path: /Applications/Unity/Unity.app/Contents
Cmd: initializeCompiler
Cmd: compileComputeKernel
  api=14 insize=2134 outsize=781 ok=1
Cmd: translateComputeKernel
  api=14 insize=2125 outsize=3945 ok=1
Cmd: compileComputeKernel
  api=14 insize=7524 outsize=10513 ok=1
Cmd: translateComputeKernel
  api=14 insize=10513 outsize=18373 ok=1
Cmd: compileComputeKernel
  api=14 insize=9421 outsize=9573 ok=1
Cmd: translateComputeKernel
  api=14 insize=9341 outsize=16101 ok=1
Cmd: translateComputeKernel
  api=14 insize=1129 outsize=1409 ok=1
Cmd: compileComputeKernel
  error: 2 plat 14 at (81): failed to open source file: 'CoreRP/ShaderLibrary/Common.hlsl'
  error: 2 plat 14 at (82): failed to open source file: 'CoreRP/ShaderLibrary/Shadow/ShadowMoments.hlsl'
  api=14 insize=15322 outsize=0 ok=0
Cmd: compileComputeKernel
  error: 2 plat 14 at (81): failed to open source file: 'CoreRP/ShaderLibrary/Common.hlsl'
  error: 2 plat 14 at (82): failed to open source file: 'CoreRP/ShaderLibrary/Shadow/ShadowMoments.hlsl'
  api=14 insize=15322 outsize=0 ok=0
Cmd: compileComputeKernel
  error: 2 plat 14 at (81): failed to open source file: 'CoreRP/ShaderLibrary/Common.hlsl'
  error: 2 plat 14 at (82): failed to open source file: 'CoreRP/ShaderLibrary/Shadow/ShadowMoments.hlsl'
  api=14 insize=15322 outsize=0 ok=0
Cmd: compileComputeKernel
  error: 2 plat 14 at (81): failed to open source file: 'CoreRP/ShaderLibrary/Common.hlsl'
  error: 2 plat 14 at (82): failed to open source file: 'CoreRP/ShaderLibrary/Shadow/ShadowMoments.hlsl'
  api=14 insize=15322 outsize=0 ok=0
Cmd: compileComputeKernel
  error: 2 plat 14 at (81): failed to open source file: 'CoreRP/ShaderLibrary/Common.hlsl'
  error: 2 plat 14 at (82): failed to open source file: 'CoreRP/ShaderLibrary/Shadow/ShadowMoments.hlsl'
  api=14 insize=15322 outsize=0 ok=0
Cmd: compileComputeKernel
  error: 2 plat 14 at (81): failed to open source file: 'CoreRP/ShaderLibrary/Common.hlsl'
  error: 2 plat 14 at (82): failed to open source file: 'CoreRP/ShaderLibrary/Shadow/ShadowMoments.hlsl'
  api=14 insize=15322 outsize=0 ok=0
Cmd: compileComputeKernel
  error: 2 plat 14 at (81): failed to open source file: 'CoreRP/ShaderLibrary/Common.hlsl'
  error: 2 plat 14 at (82): failed to open source file: 'CoreRP/ShaderLibrary/Shadow/ShadowMoments.hlsl'
  api=14 insize=15322 outsize=0 ok=0
Cmd: compileComputeKernel
  error: 2 plat 14 at (81): failed to open source file: 'CoreRP/ShaderLibrary/Common.hlsl'
  error: 2 plat 14 at (82): failed to open source file: 'CoreRP/ShaderLibrary/Shadow/ShadowMoments.hlsl'
  api=14 insize=15322 outsize=0 ok=0
Cmd: compileComputeKernel
  error: 2 plat 14 at (81): failed to open source file: 'CoreRP/ShaderLibrary/Common.hlsl'
  error: 2 plat 14 at (82): failed to open source file: 'CoreRP/ShaderLibrary/Shadow/ShadowMoments.hlsl'
  api=14 insize=15322 outsize=0 ok=0
Cmd: initializeCompiler
Cmd: initializeCompiler
Cmd: initializeCompiler
Cmd: initializeCompiler
Cmd: initializeCompiler

Quitting shader compiler process
